✅ Models loaded successfully in blueprint
 * Serving Flask app 'app'
 * Debug mode: on
[31m[1mWARNING: This is a development server. Do not use it in a production deployment. Use a production WSGI server instead.[0m
 * Running on http://127.0.0.1:5001
[33mPress CTRL+C to quit[0m
 * Restarting with stat
 * Debugger is active!
 * Debugger PIN: 714-485-528
✅ Models loaded successfully in blueprint
Traceback (most recent call last):
  File "/Users/ayushraj/Desktop/lifestyle-disease-ai/backend/app.py", line 35, in <module>
    app.run(debug=True, port=5001)
  File "/Library/Frameworks/Python.framework/Versions/3.10/lib/python3.10/site-packages/flask/app.py", line 662, in run
    run_simple(t.cast(str, host), port, self, **options)
  File "/Library/Frameworks/Python.framework/Versions/3.10/lib/python3.10/site-packages/werkzeug/serving.py", line 1115, in run_simple
    run_with_reloader(
  File "/Library/Frameworks/Python.framework/Versions/3.10/lib/python3.10/site-packages/werkzeug/_reloader.py", line 453, in run_with_reloader
    ensure_echo_on()
  File "/Library/Frameworks/Python.framework/Versions/3.10/lib/python3.10/site-packages/werkzeug/_reloader.py", line 433, in ensure_echo_on
    termios.tcsetattr(sys.stdin, termios.TCSANOW, attributes)
termios.error: (4, 'Interrupted system call')
